<?xml version="1.0" encoding="UTF-8"?>
<!-- Generated by org.testng.reporters.JUnitXMLReporter -->
<testsuite ignored="0" hostname="SANTHOSH" failures="0" tests="7" name="Default test" time="39.785" errors="0" timestamp="2025-06-28T22:44:31 IST">
  <testcase classname="tests.PortfolioTest" name="testHeaderElements" time="0.219"/>
  <testcase classname="tests.PortfolioTest" name="testResumeDownloadButton" time="0.145"/>
  <testcase classname="tests.PortfolioTest" name="testSectionScrollNavigation" time="0.962"/>
  <testcase classname="tests.PortfolioTest" name="testSkillsSection" time="5.294"/>
  <testcase classname="tests.PortfolioTest" name="testSocialLinks" time="5.171"/>
  <testcase classname="tests.PortfolioTest" name="testThemeToggleSwitch" time="0.226"/>
  <testcase classname="tests.PortfolioTest" name="testTitle" time="0.019"/>
</testsuite> <!-- Default test -->
