<?xml version="1.0" encoding="UTF-8"?>
<testng-results ignored="0" total="7" passed="7" failed="0" skipped="0">
  <reporter-output>
  </reporter-output>
  <suite started-at="2025-06-28T22:43:51 IST" name="Default suite" finished-at="2025-06-28T22:44:31 IST" duration-ms="39785">
    <groups>
    </groups>
    <test started-at="2025-06-28T22:43:51 IST" name="Default test" finished-at="2025-06-28T22:44:31 IST" duration-ms="39785">
      <class name="tests.PortfolioTest">
        <test-method is-config="true" signature="setUp()[pri:0, instance:tests.PortfolioTest@4681c175]" started-at="2025-06-28T22:43:52 IST" name="setUp" finished-at="2025-06-28T22:43:57 IST" duration-ms="5666" status="PASS">
          <reporter-output>
          </reporter-output>
        </test-method> <!-- setUp -->
        <test-method signature="testHeaderElements()[pri:0, instance:tests.PortfolioTest@4681c175]" started-at="2025-06-28T22:43:57 IST" name="testHeaderElements" finished-at="2025-06-28T22:43:58 IST" duration-ms="219" status="PASS">
          <reporter-output>
          </reporter-output>
        </test-method> <!-- testHeaderElements -->
        <test-method is-config="true" signature="tearDown()[pri:0, instance:tests.PortfolioTest@4681c175]" started-at="2025-06-28T22:43:58 IST" name="tearDown" finished-at="2025-06-28T22:43:58 IST" duration-ms="192" status="PASS">
          <reporter-output>
          </reporter-output>
        </test-method> <!-- tearDown -->
        <test-method is-config="true" signature="setUp()[pri:0, instance:tests.PortfolioTest@4681c175]" started-at="2025-06-28T22:43:58 IST" name="setUp" finished-at="2025-06-28T22:44:01 IST" duration-ms="2824" status="PASS">
          <reporter-output>
          </reporter-output>
        </test-method> <!-- setUp -->
        <test-method signature="testResumeDownloadButton()[pri:0, instance:tests.PortfolioTest@4681c175]" started-at="2025-06-28T22:44:01 IST" name="testResumeDownloadButton" finished-at="2025-06-28T22:44:01 IST" duration-ms="145" status="PASS">
          <reporter-output>
          </reporter-output>
        </test-method> <!-- testResumeDownloadButton -->
        <test-method is-config="true" signature="tearDown()[pri:0, instance:tests.PortfolioTest@4681c175]" started-at="2025-06-28T22:44:01 IST" name="tearDown" finished-at="2025-06-28T22:44:01 IST" duration-ms="365" status="PASS">
          <reporter-output>
          </reporter-output>
        </test-method> <!-- tearDown -->
        <test-method is-config="true" signature="setUp()[pri:0, instance:tests.PortfolioTest@4681c175]" started-at="2025-06-28T22:44:01 IST" name="setUp" finished-at="2025-06-28T22:44:04 IST" duration-ms="3126" status="PASS">
          <reporter-output>
          </reporter-output>
        </test-method> <!-- setUp -->
        <test-method signature="testSectionScrollNavigation()[pri:0, instance:tests.PortfolioTest@4681c175]" started-at="2025-06-28T22:44:04 IST" name="testSectionScrollNavigation" finished-at="2025-06-28T22:44:05 IST" duration-ms="962" status="PASS">
          <reporter-output>
          </reporter-output>
        </test-method> <!-- testSectionScrollNavigation -->
        <test-method is-config="true" signature="tearDown()[pri:0, instance:tests.PortfolioTest@4681c175]" started-at="2025-06-28T22:44:05 IST" name="tearDown" finished-at="2025-06-28T22:44:05 IST" duration-ms="276" status="PASS">
          <reporter-output>
          </reporter-output>
        </test-method> <!-- tearDown -->
        <test-method is-config="true" signature="setUp()[pri:0, instance:tests.PortfolioTest@4681c175]" started-at="2025-06-28T22:44:05 IST" name="setUp" finished-at="2025-06-28T22:44:09 IST" duration-ms="3228" status="PASS">
          <reporter-output>
          </reporter-output>
        </test-method> <!-- setUp -->
        <test-method signature="testSkillsSection()[pri:0, instance:tests.PortfolioTest@4681c175]" started-at="2025-06-28T22:44:09 IST" name="testSkillsSection" finished-at="2025-06-28T22:44:14 IST" duration-ms="5294" status="PASS">
          <reporter-output>
          </reporter-output>
        </test-method> <!-- testSkillsSection -->
        <test-method is-config="true" signature="tearDown()[pri:0, instance:tests.PortfolioTest@4681c175]" started-at="2025-06-28T22:44:14 IST" name="tearDown" finished-at="2025-06-28T22:44:14 IST" duration-ms="297" status="PASS">
          <reporter-output>
          </reporter-output>
        </test-method> <!-- tearDown -->
        <test-method is-config="true" signature="setUp()[pri:0, instance:tests.PortfolioTest@4681c175]" started-at="2025-06-28T22:44:14 IST" name="setUp" finished-at="2025-06-28T22:44:18 IST" duration-ms="3904" status="PASS">
          <reporter-output>
          </reporter-output>
        </test-method> <!-- setUp -->
        <test-method signature="testSocialLinks()[pri:0, instance:tests.PortfolioTest@4681c175]" started-at="2025-06-28T22:44:18 IST" name="testSocialLinks" finished-at="2025-06-28T22:44:23 IST" duration-ms="5171" status="PASS">
          <reporter-output>
          </reporter-output>
        </test-method> <!-- testSocialLinks -->
        <test-method is-config="true" signature="tearDown()[pri:0, instance:tests.PortfolioTest@4681c175]" started-at="2025-06-28T22:44:23 IST" name="tearDown" finished-at="2025-06-28T22:44:24 IST" duration-ms="269" status="PASS">
          <reporter-output>
          </reporter-output>
        </test-method> <!-- tearDown -->
        <test-method is-config="true" signature="setUp()[pri:0, instance:tests.PortfolioTest@4681c175]" started-at="2025-06-28T22:44:24 IST" name="setUp" finished-at="2025-06-28T22:44:27 IST" duration-ms="3798" status="PASS">
          <reporter-output>
          </reporter-output>
        </test-method> <!-- setUp -->
        <test-method signature="testThemeToggleSwitch()[pri:0, instance:tests.PortfolioTest@4681c175]" started-at="2025-06-28T22:44:27 IST" name="testThemeToggleSwitch" finished-at="2025-06-28T22:44:28 IST" duration-ms="226" status="PASS">
          <reporter-output>
          </reporter-output>
        </test-method> <!-- testThemeToggleSwitch -->
        <test-method is-config="true" signature="tearDown()[pri:0, instance:tests.PortfolioTest@4681c175]" started-at="2025-06-28T22:44:28 IST" name="tearDown" finished-at="2025-06-28T22:44:28 IST" duration-ms="296" status="PASS">
          <reporter-output>
          </reporter-output>
        </test-method> <!-- tearDown -->
        <test-method is-config="true" signature="setUp()[pri:0, instance:tests.PortfolioTest@4681c175]" started-at="2025-06-28T22:44:28 IST" name="setUp" finished-at="2025-06-28T22:44:31 IST" duration-ms="2837" status="PASS">
          <reporter-output>
          </reporter-output>
        </test-method> <!-- setUp -->
        <test-method signature="testTitle()[pri:0, instance:tests.PortfolioTest@4681c175]" started-at="2025-06-28T22:44:31 IST" name="testTitle" finished-at="2025-06-28T22:44:31 IST" duration-ms="19" status="PASS">
          <reporter-output>
          </reporter-output>
        </test-method> <!-- testTitle -->
        <test-method is-config="true" signature="tearDown()[pri:0, instance:tests.PortfolioTest@4681c175]" started-at="2025-06-28T22:44:31 IST" name="tearDown" finished-at="2025-06-28T22:44:31 IST" duration-ms="374" status="PASS">
          <reporter-output>
          </reporter-output>
        </test-method> <!-- tearDown -->
      </class> <!-- tests.PortfolioTest -->
    </test> <!-- Default test -->
  </suite> <!-- Default suite -->
</testng-results>
